CRITICAL - 2020-11-06 13:42:28 --> Undefined variable: jabatan
#0 E:\webIpnu\app\Views\page\register.php(50): CodeIgniter\Debug\Exceptions->errorHandler(8, 'Undefined varia...', 'E:\\webIpnu\\app\\...', 50, Array)
#1 E:\webIpnu\vendor\codeigniter4\framework\system\View\View.php(246): include('E:\\webIpnu\\app\\...')
#2 E:\webIpnu\vendor\codeigniter4\framework\system\Common.php(1119): CodeIgniter\View\View->render('page/register', Array, true)
#3 E:\webIpnu\app\Controllers\Home.php(7): view('page/register')
#4 E:\webIpnu\vendor\codeigniter4\framework\system\CodeIgniter.php(918): App\Controllers\Home->index('register')
#5 E:\webIpnu\vendor\codeigniter4\framework\system\CodeIgniter.php(404): CodeIgniter\CodeIgniter->runController(Object(App\Controllers\Home))
#6 E:\webIpnu\vendor\codeigniter4\framework\system\CodeIgniter.php(312): CodeIgniter\CodeIgniter->handleRequest(NULL, Object(Config\Cache), false)
#7 E:\webIpnu\public\index.php(45): CodeIgniter\CodeIgniter->run()
#8 E:\webIpnu\vendor\codeigniter4\framework\system\Commands\Server\rewrite.php(34): require_once('E:\\webIpnu\\publ...')
#9 {main}
CRITICAL - 2020-11-06 13:42:33 --> Undefined variable: jabatan
#0 E:\webIpnu\app\Views\page\register.php(50): CodeIgniter\Debug\Exceptions->errorHandler(8, 'Undefined varia...', 'E:\\webIpnu\\app\\...', 50, Array)
#1 E:\webIpnu\vendor\codeigniter4\framework\system\View\View.php(246): include('E:\\webIpnu\\app\\...')
#2 E:\webIpnu\vendor\codeigniter4\framework\system\Common.php(1119): CodeIgniter\View\View->render('page/register', Array, true)
#3 E:\webIpnu\app\Controllers\Home.php(7): view('page/register')
#4 E:\webIpnu\vendor\codeigniter4\framework\system\CodeIgniter.php(918): App\Controllers\Home->index('register')
#5 E:\webIpnu\vendor\codeigniter4\framework\system\CodeIgniter.php(404): CodeIgniter\CodeIgniter->runController(Object(App\Controllers\Home))
#6 E:\webIpnu\vendor\codeigniter4\framework\system\CodeIgniter.php(312): CodeIgniter\CodeIgniter->handleRequest(NULL, Object(Config\Cache), false)
#7 E:\webIpnu\public\index.php(45): CodeIgniter\CodeIgniter->run()
#8 E:\webIpnu\vendor\codeigniter4\framework\system\Commands\Server\rewrite.php(34): require_once('E:\\webIpnu\\publ...')
#9 {main}
CRITICAL - 2020-11-06 13:43:40 --> Undefined variable: jabatan
#0 E:\webIpnu\app\Views\page\register.php(50): CodeIgniter\Debug\Exceptions->errorHandler(8, 'Undefined varia...', 'E:\\webIpnu\\app\\...', 50, Array)
#1 E:\webIpnu\vendor\codeigniter4\framework\system\View\View.php(246): include('E:\\webIpnu\\app\\...')
#2 E:\webIpnu\vendor\codeigniter4\framework\system\Common.php(1119): CodeIgniter\View\View->render('page/register', Array, true)
#3 E:\webIpnu\app\Controllers\Home.php(7): view('page/register')
#4 E:\webIpnu\vendor\codeigniter4\framework\system\CodeIgniter.php(918): App\Controllers\Home->index('register')
#5 E:\webIpnu\vendor\codeigniter4\framework\system\CodeIgniter.php(404): CodeIgniter\CodeIgniter->runController(Object(App\Controllers\Home))
#6 E:\webIpnu\vendor\codeigniter4\framework\system\CodeIgniter.php(312): CodeIgniter\CodeIgniter->handleRequest(NULL, Object(Config\Cache), false)
#7 E:\webIpnu\public\index.php(45): CodeIgniter\CodeIgniter->run()
#8 E:\webIpnu\vendor\codeigniter4\framework\system\Commands\Server\rewrite.php(34): require_once('E:\\webIpnu\\publ...')
#9 {main}
CRITICAL - 2020-11-06 13:44:24 --> Undefined variable: jabatan
#0 E:\webIpnu\app\Views\page\register.php(50): CodeIgniter\Debug\Exceptions->errorHandler(8, 'Undefined varia...', 'E:\\webIpnu\\app\\...', 50, Array)
#1 E:\webIpnu\vendor\codeigniter4\framework\system\View\View.php(246): include('E:\\webIpnu\\app\\...')
#2 E:\webIpnu\vendor\codeigniter4\framework\system\Common.php(1119): CodeIgniter\View\View->render('page/register', Array, true)
#3 E:\webIpnu\app\Controllers\Home.php(7): view('page/register')
#4 E:\webIpnu\vendor\codeigniter4\framework\system\CodeIgniter.php(918): App\Controllers\Home->index('register')
#5 E:\webIpnu\vendor\codeigniter4\framework\system\CodeIgniter.php(404): CodeIgniter\CodeIgniter->runController(Object(App\Controllers\Home))
#6 E:\webIpnu\vendor\codeigniter4\framework\system\CodeIgniter.php(312): CodeIgniter\CodeIgniter->handleRequest(NULL, Object(Config\Cache), false)
#7 E:\webIpnu\public\index.php(45): CodeIgniter\CodeIgniter->run()
#8 E:\webIpnu\vendor\codeigniter4\framework\system\Commands\Server\rewrite.php(34): require_once('E:\\webIpnu\\publ...')
#9 {main}
CRITICAL - 2020-11-06 13:44:51 --> Undefined variable: jabatan
#0 E:\webIpnu\app\Views\page\register.php(50): CodeIgniter\Debug\Exceptions->errorHandler(8, 'Undefined varia...', 'E:\\webIpnu\\app\\...', 50, Array)
#1 E:\webIpnu\vendor\codeigniter4\framework\system\View\View.php(246): include('E:\\webIpnu\\app\\...')
#2 E:\webIpnu\vendor\codeigniter4\framework\system\Common.php(1119): CodeIgniter\View\View->render('page/register', Array, true)
#3 E:\webIpnu\app\Controllers\Home.php(7): view('page/register')
#4 E:\webIpnu\vendor\codeigniter4\framework\system\CodeIgniter.php(918): App\Controllers\Home->index('register')
#5 E:\webIpnu\vendor\codeigniter4\framework\system\CodeIgniter.php(404): CodeIgniter\CodeIgniter->runController(Object(App\Controllers\Home))
#6 E:\webIpnu\vendor\codeigniter4\framework\system\CodeIgniter.php(312): CodeIgniter\CodeIgniter->handleRequest(NULL, Object(Config\Cache), false)
#7 E:\webIpnu\public\index.php(45): CodeIgniter\CodeIgniter->run()
#8 E:\webIpnu\vendor\codeigniter4\framework\system\Commands\Server\rewrite.php(34): require_once('E:\\webIpnu\\publ...')
#9 {main}
CRITICAL - 2020-11-06 13:46:12 --> Undefined variable: jabatan
#0 E:\webIpnu\app\Views\page\register.php(50): CodeIgniter\Debug\Exceptions->errorHandler(8, 'Undefined varia...', 'E:\\webIpnu\\app\\...', 50, Array)
#1 E:\webIpnu\vendor\codeigniter4\framework\system\View\View.php(246): include('E:\\webIpnu\\app\\...')
#2 E:\webIpnu\vendor\codeigniter4\framework\system\Common.php(1119): CodeIgniter\View\View->render('page/register', Array, true)
#3 E:\webIpnu\app\Controllers\Home.php(7): view('page/register')
#4 E:\webIpnu\vendor\codeigniter4\framework\system\CodeIgniter.php(918): App\Controllers\Home->index('register')
#5 E:\webIpnu\vendor\codeigniter4\framework\system\CodeIgniter.php(404): CodeIgniter\CodeIgniter->runController(Object(App\Controllers\Home))
#6 E:\webIpnu\vendor\codeigniter4\framework\system\CodeIgniter.php(312): CodeIgniter\CodeIgniter->handleRequest(NULL, Object(Config\Cache), false)
#7 E:\webIpnu\public\index.php(45): CodeIgniter\CodeIgniter->run()
#8 E:\webIpnu\vendor\codeigniter4\framework\system\Commands\Server\rewrite.php(34): require_once('E:\\webIpnu\\publ...')
#9 {main}
CRITICAL - 2020-11-06 13:46:51 --> Undefined variable: jabatan
#0 E:\webIpnu\app\Views\page\register.php(50): CodeIgniter\Debug\Exceptions->errorHandler(8, 'Undefined varia...', 'E:\\webIpnu\\app\\...', 50, Array)
#1 E:\webIpnu\vendor\codeigniter4\framework\system\View\View.php(246): include('E:\\webIpnu\\app\\...')
#2 E:\webIpnu\vendor\codeigniter4\framework\system\Common.php(1119): CodeIgniter\View\View->render('page/register', Array, true)
#3 E:\webIpnu\app\Controllers\Home.php(7): view('page/register')
#4 E:\webIpnu\vendor\codeigniter4\framework\system\CodeIgniter.php(918): App\Controllers\Home->index('register')
#5 E:\webIpnu\vendor\codeigniter4\framework\system\CodeIgniter.php(404): CodeIgniter\CodeIgniter->runController(Object(App\Controllers\Home))
#6 E:\webIpnu\vendor\codeigniter4\framework\system\CodeIgniter.php(312): CodeIgniter\CodeIgniter->handleRequest(NULL, Object(Config\Cache), false)
#7 E:\webIpnu\public\index.php(45): CodeIgniter\CodeIgniter->run()
#8 E:\webIpnu\vendor\codeigniter4\framework\system\Commands\Server\rewrite.php(34): require_once('E:\\webIpnu\\publ...')
#9 {main}
CRITICAL - 2020-11-06 13:47:27 --> Undefined variable: jabatan
#0 E:\webIpnu\app\Views\page\register.php(50): CodeIgniter\Debug\Exceptions->errorHandler(8, 'Undefined varia...', 'E:\\webIpnu\\app\\...', 50, Array)
#1 E:\webIpnu\vendor\codeigniter4\framework\system\View\View.php(246): include('E:\\webIpnu\\app\\...')
#2 E:\webIpnu\vendor\codeigniter4\framework\system\Common.php(1119): CodeIgniter\View\View->render('page/register', Array, true)
#3 E:\webIpnu\app\Controllers\Home.php(7): view('page/register')
#4 E:\webIpnu\vendor\codeigniter4\framework\system\CodeIgniter.php(918): App\Controllers\Home->index('register')
#5 E:\webIpnu\vendor\codeigniter4\framework\system\CodeIgniter.php(404): CodeIgniter\CodeIgniter->runController(Object(App\Controllers\Home))
#6 E:\webIpnu\vendor\codeigniter4\framework\system\CodeIgniter.php(312): CodeIgniter\CodeIgniter->handleRequest(NULL, Object(Config\Cache), false)
#7 E:\webIpnu\public\index.php(45): CodeIgniter\CodeIgniter->run()
#8 E:\webIpnu\vendor\codeigniter4\framework\system\Commands\Server\rewrite.php(34): require_once('E:\\webIpnu\\publ...')
#9 {main}
CRITICAL - 2020-11-06 13:48:04 --> Undefined variable: jabatan
#0 E:\webIpnu\app\Views\page\register.php(50): CodeIgniter\Debug\Exceptions->errorHandler(8, 'Undefined varia...', 'E:\\webIpnu\\app\\...', 50, Array)
#1 E:\webIpnu\vendor\codeigniter4\framework\system\View\View.php(246): include('E:\\webIpnu\\app\\...')
#2 E:\webIpnu\vendor\codeigniter4\framework\system\Common.php(1119): CodeIgniter\View\View->render('page/register', Array, true)
#3 E:\webIpnu\app\Controllers\Home.php(7): view('page/register')
#4 E:\webIpnu\vendor\codeigniter4\framework\system\CodeIgniter.php(918): App\Controllers\Home->index('register')
#5 E:\webIpnu\vendor\codeigniter4\framework\system\CodeIgniter.php(404): CodeIgniter\CodeIgniter->runController(Object(App\Controllers\Home))
#6 E:\webIpnu\vendor\codeigniter4\framework\system\CodeIgniter.php(312): CodeIgniter\CodeIgniter->handleRequest(NULL, Object(Config\Cache), false)
#7 E:\webIpnu\public\index.php(45): CodeIgniter\CodeIgniter->run()
#8 E:\webIpnu\vendor\codeigniter4\framework\system\Commands\Server\rewrite.php(34): require_once('E:\\webIpnu\\publ...')
#9 {main}
CRITICAL - 2020-11-06 13:48:32 --> Undefined variable: jabatan
#0 E:\webIpnu\app\Views\page\register.php(50): CodeIgniter\Debug\Exceptions->errorHandler(8, 'Undefined varia...', 'E:\\webIpnu\\app\\...', 50, Array)
#1 E:\webIpnu\vendor\codeigniter4\framework\system\View\View.php(246): include('E:\\webIpnu\\app\\...')
#2 E:\webIpnu\vendor\codeigniter4\framework\system\Common.php(1119): CodeIgniter\View\View->render('page/register', Array, true)
#3 E:\webIpnu\app\Controllers\Home.php(7): view('page/register')
#4 E:\webIpnu\vendor\codeigniter4\framework\system\CodeIgniter.php(918): App\Controllers\Home->index('register')
#5 E:\webIpnu\vendor\codeigniter4\framework\system\CodeIgniter.php(404): CodeIgniter\CodeIgniter->runController(Object(App\Controllers\Home))
#6 E:\webIpnu\vendor\codeigniter4\framework\system\CodeIgniter.php(312): CodeIgniter\CodeIgniter->handleRequest(NULL, Object(Config\Cache), false)
#7 E:\webIpnu\public\index.php(45): CodeIgniter\CodeIgniter->run()
#8 E:\webIpnu\vendor\codeigniter4\framework\system\Commands\Server\rewrite.php(34): require_once('E:\\webIpnu\\publ...')
#9 {main}
